<?xml version="1.0" encoding="UTF-8"?>
<!-- Generated by org.testng.reporters.JUnitXMLReporter -->
<testsuite ignored="0" hostname="LAPTOP-RA25G4BU" failures="0" tests="3" name="Default test" time="32.639" errors="0" timestamp="2020-05-13T03:15:50 EDT">
  <testcase classname="com.QuiyumAutomation.WixNew" name="Test1_OpenApplication" time="6.968"/>
  <testcase classname="com.QuiyumAutomation.WixNew" name="Test2_ClickOnGetStartedButton" time="7.71"/>
  <testcase classname="com.QuiyumAutomation.WixNew" name="Test3_LogIn" time="10.708"/>
</testsuite> <!-- Default test -->
