<?xml version="1.0" encoding="UTF-8"?>
<!-- Generated by org.testng.reporters.JUnitXMLReporter -->
<testsuite ignored="0" hostname="LAPTOP-RA25G4BU" failures="0" tests="7" name="Default test" time="28.764" errors="0" timestamp="04 May 2020 05:39:29 GMT">
  <testcase classname="com.QuiyumAutomation.TestNGExample" name="Test1_OpenApplication" time="5.003"/>
  <testcase classname="com.QuiyumAutomation.TestNGExample" name="Test2_ClickOnGetStartedButton" time="8.154"/>
  <testcase classname="com.QuiyumAutomation.TestNGExample" name="Test3_InputEmail" time="2.314"/>
  <testcase classname="com.QuiyumAutomation.TestNGExample" name="Test4_InputConfirmEmail" time="0.223"/>
  <testcase classname="com.QuiyumAutomation.TestNGExample" name="Test5_InputPassword" time="0.208"/>
  <testcase classname="com.QuiyumAutomation.TestNGExample" name="Test6_InputRepassword" time="0.194"/>
  <testcase classname="com.QuiyumAutomation.TestNGExample" name="Test7_ClickOnSubmit" time="0.157"/>
</testsuite> <!-- Default test -->
