<?xml version="1.0" encoding="UTF-8"?>
<!-- Generated by org.testng.reporters.JUnitXMLReporter -->
<testsuite hostname="Shanzedurs-MacBook-Pro.local" ignored="0" name="Test" tests="14" failures="0" timestamp="05 May 2020 19:15:54 GMT" time="22.509" errors="0">
  <testcase name="Test1_OpenApplication" time="2.009" classname="com.QuiyumAutomation.TestNGExample"/>
  <testcase name="Test2_ClickOnGetStartedButton" time="2.848" classname="com.QuiyumAutomation.TestNGExample"/>
  <testcase name="Test3_InputEmail" time="2.336" classname="com.QuiyumAutomation.TestNGExample"/>
  <testcase name="Test4_InputConfirmEmail" time="0.232" classname="com.QuiyumAutomation.TestNGExample"/>
  <testcase name="Test5_InputPassword" time="0.209" classname="com.QuiyumAutomation.TestNGExample"/>
  <testcase name="Test6_InputRepassword" time="0.214" classname="com.QuiyumAutomation.TestNGExample"/>
  <testcase name="Test7_ClickOnSubmit" time="0.1" classname="com.QuiyumAutomation.TestNGExample"/>
  <testcase name="Test1_OpenApplication" time="2.234" classname="com.QuiyumAutomation.TestNGExample2"/>
  <testcase name="Test2_ClickOnGetStartedButton" time="4.616" classname="com.QuiyumAutomation.TestNGExample2"/>
  <testcase name="Test3_InputEmail" time="2.805" classname="com.QuiyumAutomation.TestNGExample2"/>
  <testcase name="Test4_InputConfirmEmail" time="0.234" classname="com.QuiyumAutomation.TestNGExample2"/>
  <testcase name="Test5_InputPassword" time="0.229" classname="com.QuiyumAutomation.TestNGExample2"/>
  <testcase name="Test6_InputRepassword" time="0.204" classname="com.QuiyumAutomation.TestNGExample2"/>
  <testcase name="Test7_ClickOnSubmit" time="0.131" classname="com.QuiyumAutomation.TestNGExample2"/>
</testsuite> <!-- Test -->
