<?xml version="1.0" encoding="UTF-8"?>
<testng-results skipped="0" failed="0" ignored="0" total="14" passed="14">
  <reporter-output>
  </reporter-output>
  <suite name="Suite" duration-ms="22509" started-at="2020-05-05T19:15:32Z" finished-at="2020-05-05T19:15:54Z">
    <groups>
    </groups>
    <test name="Test" duration-ms="22509" started-at="2020-05-05T19:15:32Z" finished-at="2020-05-05T19:15:54Z">
      <class name="com.QuiyumAutomation.TestNGExample">
        <test-method status="PASS" signature="test()[pri:0, instance:com.QuiyumAutomation.TestNGExample@ae45eb6]" name="test" is-config="true" duration-ms="2184" started-at="2020-05-05T19:15:32Z" finished-at="2020-05-05T19:15:34Z">
          <reporter-output>
          </reporter-output>
        </test-method> <!-- test -->
        <test-method status="PASS" signature="Test1_OpenApplication()[pri:0, instance:com.QuiyumAutomation.TestNGExample@ae45eb6]" name="Test1_OpenApplication" duration-ms="2009" started-at="2020-05-05T19:15:34Z" finished-at="2020-05-05T19:15:36Z">
          <reporter-output>
          </reporter-output>
        </test-method> <!-- Test1_OpenApplication -->
        <test-method status="PASS" signature="Test2_ClickOnGetStartedButton()[pri:0, instance:com.QuiyumAutomation.TestNGExample@ae45eb6]" name="Test2_ClickOnGetStartedButton" duration-ms="2848" started-at="2020-05-05T19:15:36Z" depends-on-methods="com.QuiyumAutomation.TestNGExample.Test1_OpenApplication" finished-at="2020-05-05T19:15:39Z">
          <reporter-output>
          </reporter-output>
        </test-method> <!-- Test2_ClickOnGetStartedButton -->
        <test-method status="PASS" signature="Test3_InputEmail()[pri:0, instance:com.QuiyumAutomation.TestNGExample@ae45eb6]" name="Test3_InputEmail" duration-ms="2336" started-at="2020-05-05T19:15:39Z" depends-on-methods="com.QuiyumAutomation.TestNGExample.Test2_ClickOnGetStartedButton" finished-at="2020-05-05T19:15:41Z">
          <reporter-output>
          </reporter-output>
        </test-method> <!-- Test3_InputEmail -->
        <test-method status="PASS" signature="Test4_InputConfirmEmail()[pri:0, instance:com.QuiyumAutomation.TestNGExample@ae45eb6]" name="Test4_InputConfirmEmail" duration-ms="232" started-at="2020-05-05T19:15:41Z" depends-on-methods="com.QuiyumAutomation.TestNGExample.Test3_InputEmail" finished-at="2020-05-05T19:15:41Z">
          <reporter-output>
          </reporter-output>
        </test-method> <!-- Test4_InputConfirmEmail -->
        <test-method status="PASS" signature="Test5_InputPassword()[pri:0, instance:com.QuiyumAutomation.TestNGExample@ae45eb6]" name="Test5_InputPassword" duration-ms="209" started-at="2020-05-05T19:15:41Z" depends-on-methods="com.QuiyumAutomation.TestNGExample.Test4_InputConfirmEmail" finished-at="2020-05-05T19:15:42Z">
          <reporter-output>
          </reporter-output>
        </test-method> <!-- Test5_InputPassword -->
        <test-method status="PASS" signature="Test6_InputRepassword()[pri:0, instance:com.QuiyumAutomation.TestNGExample@ae45eb6]" name="Test6_InputRepassword" duration-ms="214" started-at="2020-05-05T19:15:42Z" depends-on-methods="com.QuiyumAutomation.TestNGExample.Test5_InputPassword" finished-at="2020-05-05T19:15:42Z">
          <reporter-output>
          </reporter-output>
        </test-method> <!-- Test6_InputRepassword -->
        <test-method status="PASS" signature="Test7_ClickOnSubmit()[pri:0, instance:com.QuiyumAutomation.TestNGExample@ae45eb6]" name="Test7_ClickOnSubmit" duration-ms="100" started-at="2020-05-05T19:15:42Z" depends-on-methods="com.QuiyumAutomation.TestNGExample.Test6_InputRepassword" finished-at="2020-05-05T19:15:42Z">
          <reporter-output>
          </reporter-output>
        </test-method> <!-- Test7_ClickOnSubmit -->
        <test-method status="PASS" signature="closeBrowser()[pri:0, instance:com.QuiyumAutomation.TestNGExample@ae45eb6]" name="closeBrowser" is-config="true" duration-ms="256" started-at="2020-05-05T19:15:42Z" finished-at="2020-05-05T19:15:42Z">
          <reporter-output>
          </reporter-output>
        </test-method> <!-- closeBrowser -->
      </class> <!-- com.QuiyumAutomation.TestNGExample -->
      <class name="com.QuiyumAutomation.TestNGExample2">
        <test-method status="PASS" signature="test()[pri:0, instance:com.QuiyumAutomation.TestNGExample2@59f99ea]" name="test" is-config="true" duration-ms="1440" started-at="2020-05-05T19:15:42Z" finished-at="2020-05-05T19:15:44Z">
          <reporter-output>
          </reporter-output>
        </test-method> <!-- test -->
        <test-method status="PASS" signature="Test1_OpenApplication()[pri:0, instance:com.QuiyumAutomation.TestNGExample2@59f99ea]" name="Test1_OpenApplication" duration-ms="2234" started-at="2020-05-05T19:15:44Z" finished-at="2020-05-05T19:15:46Z">
          <reporter-output>
          </reporter-output>
        </test-method> <!-- Test1_OpenApplication -->
        <test-method status="PASS" signature="Test2_ClickOnGetStartedButton()[pri:0, instance:com.QuiyumAutomation.TestNGExample2@59f99ea]" name="Test2_ClickOnGetStartedButton" duration-ms="4616" started-at="2020-05-05T19:15:46Z" depends-on-methods="com.QuiyumAutomation.TestNGExample2.Test1_OpenApplication" finished-at="2020-05-05T19:15:50Z">
          <reporter-output>
          </reporter-output>
        </test-method> <!-- Test2_ClickOnGetStartedButton -->
        <test-method status="PASS" signature="Test3_InputEmail()[pri:0, instance:com.QuiyumAutomation.TestNGExample2@59f99ea]" name="Test3_InputEmail" duration-ms="2805" started-at="2020-05-05T19:15:50Z" depends-on-methods="com.QuiyumAutomation.TestNGExample2.Test2_ClickOnGetStartedButton" finished-at="2020-05-05T19:15:53Z">
          <reporter-output>
          </reporter-output>
        </test-method> <!-- Test3_InputEmail -->
        <test-method status="PASS" signature="Test4_InputConfirmEmail()[pri:0, instance:com.QuiyumAutomation.TestNGExample2@59f99ea]" name="Test4_InputConfirmEmail" duration-ms="234" started-at="2020-05-05T19:15:53Z" depends-on-methods="com.QuiyumAutomation.TestNGExample2.Test3_InputEmail" finished-at="2020-05-05T19:15:53Z">
          <reporter-output>
          </reporter-output>
        </test-method> <!-- Test4_InputConfirmEmail -->
        <test-method status="PASS" signature="Test5_InputPassword()[pri:0, instance:com.QuiyumAutomation.TestNGExample2@59f99ea]" name="Test5_InputPassword" duration-ms="229" started-at="2020-05-05T19:15:53Z" depends-on-methods="com.QuiyumAutomation.TestNGExample2.Test4_InputConfirmEmail" finished-at="2020-05-05T19:15:54Z">
          <reporter-output>
          </reporter-output>
        </test-method> <!-- Test5_InputPassword -->
        <test-method status="PASS" signature="Test6_InputRepassword()[pri:0, instance:com.QuiyumAutomation.TestNGExample2@59f99ea]" name="Test6_InputRepassword" duration-ms="204" started-at="2020-05-05T19:15:54Z" depends-on-methods="com.QuiyumAutomation.TestNGExample2.Test5_InputPassword" finished-at="2020-05-05T19:15:54Z">
          <reporter-output>
          </reporter-output>
        </test-method> <!-- Test6_InputRepassword -->
        <test-method status="PASS" signature="Test7_ClickOnSubmit()[pri:0, instance:com.QuiyumAutomation.TestNGExample2@59f99ea]" name="Test7_ClickOnSubmit" duration-ms="131" started-at="2020-05-05T19:15:54Z" depends-on-methods="com.QuiyumAutomation.TestNGExample2.Test6_InputRepassword" finished-at="2020-05-05T19:15:54Z">
          <reporter-output>
          </reporter-output>
        </test-method> <!-- Test7_ClickOnSubmit -->
        <test-method status="PASS" signature="closeBrowser()[pri:0, instance:com.QuiyumAutomation.TestNGExample2@59f99ea]" name="closeBrowser" is-config="true" duration-ms="169" started-at="2020-05-05T19:15:54Z" finished-at="2020-05-05T19:15:54Z">
          <reporter-output>
          </reporter-output>
        </test-method> <!-- closeBrowser -->
      </class> <!-- com.QuiyumAutomation.TestNGExample2 -->
    </test> <!-- Test -->
  </suite> <!-- Suite -->
</testng-results>
